2023-11-29T11:54:10+00:00 CRITICAL Maximum execution time of 60 seconds exceeded dans D:\MAMP\htdocs\Chic-Dressing\wp-admin\includes\class-wp-posts-list-table.php à la ligne 2120

2023-11-29T11:58:58+00:00 CRITICAL Uncaught TypeError: implode(): Argument #2 ($array) must be of type ?array, string given in D:\MAMP\htdocs\Chic-Dressing\wp-content\plugins\wysija-newsletters\helpers\file.php:161
Stack trace:
#0 D:\MAMP\htdocs\Chic-Dressing\wp-content\plugins\wysija-newsletters\helpers\file.php(161): implode(Array, '|')
#1 D:\MAMP\htdocs\Chic-Dressing\wp-content\plugins\wysija-newsletters\core\base.php(820): WYSIJA_help_file->clear()
#2 D:\MAMP\htdocs\Chic-Dressing\wp-content\plugins\wysija-newsletters\helpers\cron.php(184): WYSIJA::croned_daily()
#3 D:\MAMP\htdocs\Chic-Dressing\wp-content\plugins\wysija-newsletters\helpers\cron.php(120): WYSIJA_help_cron->run_scheduled_task('daily')
#4 D:\MAMP\htdocs\Chic-Dressing\wp-content\plugins\wysija-newsletters\helpers\cron.php(56): WYSIJA_help_cron->check_scheduled_task(Array, 'daily')
#5 D:\MAMP\htdocs\Chic-Dressing\wp-content\plugins\wysija-newsletters\core\base.php(1525): WYSIJA_help_cron->run()
#6 D:\MAMP\htdocs\Chic-Dressing\wp-includes\class-wp-hook.php(324): init_wysija_cron('')
#7 D:\MAMP\htdocs\Chic-Dressing\wp-includes\class-wp-hook.php(348): WP_Hook->apply_filters(NULL, Array)
#8 D:\MAMP\htdocs\Chic-Dressing\wp-includes\plugin.php(517): WP_Hook->do_action(Array)
#9 D:\MAMP\htdocs\Chic-Dressing\wp-settings.php(643): do_action('init')
#10 D:\MAMP\htdocs\Chic-Dressing\wp-config.php(96): require_once('D:\\MAMP\\htdocs\\...')
#11 D:\MAMP\htdocs\Chic-Dressing\wp-load.php(50): require_once('D:\\MAMP\\htdocs\\...')
#12 D:\MAMP\htdocs\Chic-Dressing\wp-cron.php(46): require_once('D:\\MAMP\\htdocs\\...')
#13 {main}
  thrown dans D:\MAMP\htdocs\Chic-Dressing\wp-content\plugins\wysija-newsletters\helpers\file.php à la ligne 161

2023-11-29T11:58:59+00:00 CRITICAL Uncaught TypeError: implode(): Argument #2 ($array) must be of type ?array, string given in D:\MAMP\htdocs\Chic-Dressing\wp-content\plugins\wysija-newsletters\helpers\file.php:161
Stack trace:
#0 D:\MAMP\htdocs\Chic-Dressing\wp-content\plugins\wysija-newsletters\helpers\file.php(161): implode(Array, '|')
#1 D:\MAMP\htdocs\Chic-Dressing\wp-content\plugins\wysija-newsletters\core\base.php(820): WYSIJA_help_file->clear()
#2 D:\MAMP\htdocs\Chic-Dressing\wp-content\plugins\wysija-newsletters\helpers\cron.php(184): WYSIJA::croned_daily()
#3 D:\MAMP\htdocs\Chic-Dressing\wp-content\plugins\wysija-newsletters\helpers\cron.php(120): WYSIJA_help_cron->run_scheduled_task('daily')
#4 D:\MAMP\htdocs\Chic-Dressing\wp-content\plugins\wysija-newsletters\helpers\cron.php(56): WYSIJA_help_cron->check_scheduled_task(Array, 'daily')
#5 D:\MAMP\htdocs\Chic-Dressing\wp-content\plugins\wysija-newsletters\core\base.php(1525): WYSIJA_help_cron->run()
#6 D:\MAMP\htdocs\Chic-Dressing\wp-includes\class-wp-hook.php(324): init_wysija_cron('')
#7 D:\MAMP\htdocs\Chic-Dressing\wp-includes\class-wp-hook.php(348): WP_Hook->apply_filters(NULL, Array)
#8 D:\MAMP\htdocs\Chic-Dressing\wp-includes\plugin.php(517): WP_Hook->do_action(Array)
#9 D:\MAMP\htdocs\Chic-Dressing\wp-settings.php(643): do_action('init')
#10 D:\MAMP\htdocs\Chic-Dressing\wp-config.php(96): require_once('D:\\MAMP\\htdocs\\...')
#11 D:\MAMP\htdocs\Chic-Dressing\wp-load.php(50): require_once('D:\\MAMP\\htdocs\\...')
#12 D:\MAMP\htdocs\Chic-Dressing\wp-cron.php(46): require_once('D:\\MAMP\\htdocs\\...')
#13 {main}
  thrown dans D:\MAMP\htdocs\Chic-Dressing\wp-content\plugins\wysija-newsletters\helpers\file.php à la ligne 161

